<?xml version="1.0" encoding="UTF-8"?>
<!-- Generated by org.testng.reporters.JUnitXMLReporter -->
<testsuite ignored="2" hostname="DESKTOP-TS1A2HI" failures="0" tests="2" name="Test" time="8.842" errors="0" timestamp="2025-12-17T07:55:43 IST">
  <testcase classname="testscript.LoginTest" name="verifyUserLogiWithValidCredentials" time="2.802"/>
  <testcase classname="testscript.LoginTest" name="verifyUserLogiWithInvalidPassword" time="0.871"/>
  <testcase classname="testscript.LoginTest" name="verifyUserLogiWithInvalidUsername" time="0.0">
    <ignored/>
  </testcase> <!-- verifyUserLogiWithInvalidUsername -->
  <testcase classname="testscript.LoginTest" name="verifyUserLogiWithInvalidCredentials" time="0.0">
    <ignored/>
  </testcase> <!-- verifyUserLogiWithInvalidCredentials -->
</testsuite> <!-- Test -->
