<?xml version="1.0" encoding="UTF-8"?>
<!-- Generated by org.testng.reporters.JUnitReportReporter -->
<testsuite hostname="DESKTOP-TS1A2HI" failures="0" tests="2" name="testscript.LoginTest" time="8.466" errors="0" timestamp="2025-12-19T08:03:18 IST" skipped="0">
  <testcase classname="testscript.LoginTest" name="verifyUserLogiWithInvalidPassword" time="4.639"/>
  <testcase classname="testscript.LoginTest" name="verifyUserLogiWithInvalidPassword" time="3.827"/>
</testsuite> <!-- testscript.LoginTest -->
